0 info it worked if it ends with ok
1 verbose cli [ 'node', '/usr/local/bin/npm', 'run', 'test-watch' ]
2 info using npm@2.11.1
3 info using node@v0.10.25
4 verbose node symlink /usr/bin/node
5 verbose run-script [ 'pretest-watch', 'test-watch', 'posttest-watch' ]
6 info pretest-watch formmodel@1.0.0
7 info test-watch formmodel@1.0.0
8 verbose unsafe-perm in lifecycle true
9 info formmodel@1.0.0 Failed to exec test-watch script
10 verbose stack Error: formmodel@1.0.0 test-watch: `npm run build && ./node_modules/mocha/bin/mocha -w  coffee:coffee-script/register ./test/test.coffee`
10 verbose stack Exit status 8
10 verbose stack     at EventEmitter.<anonymous> (/usr/local/lib/node_modules/npm/lib/utils/lifecycle.js:213:16)
10 verbose stack     at EventEmitter.emit (events.js:98:17)
10 verbose stack     at ChildProcess.<anonymous> (/usr/local/lib/node_modules/npm/lib/utils/spawn.js:24:14)
10 verbose stack     at ChildProcess.EventEmitter.emit (events.js:98:17)
10 verbose stack     at maybeClose (child_process.js:743:16)
10 verbose stack     at Process.ChildProcess._handle.onexit (child_process.js:810:5)
11 verbose pkgid formmodel@1.0.0
12 verbose cwd /home/aitem/Work/formmodel
13 error Linux 3.16.0-41-generic
14 error argv "node" "/usr/local/bin/npm" "run" "test-watch"
15 error node v0.10.25
16 error npm  v2.11.1
17 error code ELIFECYCLE
18 error formmodel@1.0.0 test-watch: `npm run build && ./node_modules/mocha/bin/mocha -w  coffee:coffee-script/register ./test/test.coffee`
18 error Exit status 8
19 error Failed at the formmodel@1.0.0 test-watch script 'npm run build && ./node_modules/mocha/bin/mocha -w  coffee:coffee-script/register ./test/test.coffee'.
19 error This is most likely a problem with the formmodel package,
19 error not with npm itself.
19 error Tell the author that this fails on your system:
19 error     npm run build && ./node_modules/mocha/bin/mocha -w  coffee:coffee-script/register ./test/test.coffee
19 error You can get their info via:
19 error     npm owner ls formmodel
19 error There is likely additional logging output above.
20 verbose exit [ 1, true ]
